#
# There is insufficient memory for the Java Runtime Environment to continue.
# Native memory allocation (mmap) failed to map 268435456 bytes for G1 virtual space
# Possible reasons:
#   The system is out of physical RAM or swap space
#   The process is running with CompressedOops enabled, and the Java Heap may be blocking the growth of the native heap
# Possible solutions:
#   Reduce memory load on the system
#   Increase physical memory or swap space
#   Check if swap backing store is full
#   Decrease Java heap size (-Xmx/-Xms)
#   Decrease number of Java threads
#   Decrease Java thread stack sizes (-Xss)
#   Set larger code cache with -XX:ReservedCodeCacheSize=
#   JVM is running with Zero Based Compressed Oops mode in which the Java heap is
#     placed in the first 32GB address space. The Java Heap base address is the
#     maximum limit for the native heap growth. Please use -XX:HeapBaseMinAddress
#     to set the Java Heap base and to place the Java Heap above 32GB virtual address.
# This output file may be truncated or incomplete.
#
#  Out of Memory Error (os_windows.cpp:3600), pid=24560, tid=8784
#
# JRE version:  (21.0.1+12) (build )
# Java VM: Java HotSpot(TM) 64-Bit Server VM (21.0.1+12-LTS-29, mixed mode, sharing, tiered, compressed oops, compressed class ptrs, g1 gc, windows-amd64)
# No core dump will be written. Minidumps are not enabled by default on client versions of Windows
#

---------------  S U M M A R Y ------------

Command Line: --enable-preview -XX:+ShowCodeDetailsInExceptionMessages GameManager

Host: AMD Ryzen 5 2600 Six-Core Processor            , 12 cores, 15G,  Windows 10 , 64 bit Build 19041 (10.0.19041.3636)
Time: Fri Mar 29 13:08:32 2024 Eastern Daylight Time elapsed time: 0.020736 seconds (0d 0h 0m 0s)

---------------  T H R E A D  ---------------

Current thread (0x0000014d16ac9700):  JavaThread "Unknown thread" [_thread_in_vm, id=8784, stack(0x0000003a64300000,0x0000003a64400000) (1024K)]

Stack: [0x0000003a64300000,0x0000003a64400000]
Native frames: (J=compiled Java code, j=interpreted, Vv=VM code, C=native code)
V  [jvm.dll+0x6c9029]
V  [jvm.dll+0x854b81]
V  [jvm.dll+0x856e5e]
V  [jvm.dll+0x857543]
V  [jvm.dll+0x280c06]
V  [jvm.dll+0x6c5715]
V  [jvm.dll+0x6ba10a]
V  [jvm.dll+0x3557ea]
V  [jvm.dll+0x35d436]
V  [jvm.dll+0x3ae1be]
V  [jvm.dll+0x3ae468]
V  [jvm.dll+0x3291fc]
V  [jvm.dll+0x329d8b]
V  [jvm.dll+0x81d179]
V  [jvm.dll+0x3bb4f1]
V  [jvm.dll+0x805ae8]
V  [jvm.dll+0x44effe]
V  [jvm.dll+0x450901]
C  [jli.dll+0x52a3]
C  [ucrtbase.dll+0x21bb2]
C  [KERNEL32.DLL+0x17344]
C  [ntdll.dll+0x526b1]


---------------  P R O C E S S  ---------------

Threads class SMR info:
_java_thread_list=0x00007ffb9bba9b88, length=0, elements={
}

Java Threads: ( => current thread )
Total: 0

Other Threads:
  0x0000014d18d711e0 WorkerThread "GC Thread#0"                     [id=11576, stack(0x0000003a64400000,0x0000003a64500000) (1024K)]
  0x0000014d18d83d70 ConcurrentGCThread "G1 Main Marker"            [id=14276, stack(0x0000003a64500000,0x0000003a64600000) (1024K)]
  0x0000014d18d84f20 WorkerThread "G1 Conc#0"                       [id=24568, stack(0x0000003a64600000,0x0000003a64700000) (1024K)]

[error occurred during error reporting (printing all threads), id 0xc0000005, EXCEPTION_ACCESS_VIOLATION (0xc0000005) at pc=0x00007ffb9b31c2c7]
VM state: not at safepoint (not fully initialized)

VM Mutex/Monitor currently owned by a thread:  ([mutex/lock_event])
[0x00007ffb9bc1a6f8] Heap_lock - owner thread: 0x0000014d16ac9700

Heap address: 0x0000000701200000, size: 4078 MB, Compressed Oops mode: Zero based, Oop shift amount: 3

CDS archive(s) mapped at: [0x0000000000000000-0x0000000000000000-0x0000000000000000), size 0, SharedBaseAddress: 0x0000000800000000, ArchiveRelocationMode: 1.
Narrow klass base: 0x0000000000000000, Narrow klass shift: 0, Narrow klass range: 0x0

GC Precious Log:
 CardTable entry size: 512
 Card Set container configuration: InlinePtr #cards 4 size 8 Array Of Cards #cards 16 size 48 Howl #buckets 8 coarsen threshold 3686 Howl Bitmap #cards 512 size 80 coarsen threshold 460 Card regions per heap region 1 cards per card region 4096

Heap:
 garbage-first heap   total 0K, used 0K [0x0000000701200000, 0x0000000800000000)
  region size 2048K, 0 young (0K), 0 survivors (0K)

[error occurred during error reporting (printing heap information), id 0xc0000005, EXCEPTION_ACCESS_VIOLATION (0xc0000005) at pc=0x00007ffb9b701be9]
GC Heap History (0 events):
No events

Dll operation events (1 events):
Event: 0.009 Loaded shared library C:\Program Files\Java\jdk-21\bin\java.dll

Deoptimization events (0 events):
No events

Classes loaded (0 events):
No events

Classes unloaded (0 events):
No events

Classes redefined (0 events):
No events

Internal exceptions (0 events):
No events

ZGC Phase Switch (0 events):
No events

VM Operations (0 events):
No events

Events (0 events):
No events


Dynamic libraries:
0x00007ff6bf1c0000 - 0x00007ff6bf1d0000 	C:\Program Files\Java\jdk-21\bin\java.exe
0x00007ffc477b0000 - 0x00007ffc479a8000 	C:\Windows\SYSTEM32\ntdll.dll
0x00007ffc45b80000 - 0x00007ffc45c3d000 	C:\Windows\System32\KERNEL32.DLL
0x00007ffc44e60000 - 0x00007ffc45156000 	C:\Windows\System32\KERNELBASE.dll
0x00007ffc45330000 - 0x00007ffc45430000 	C:\Windows\System32\ucrtbase.dll
0x00007ffc3b0b0000 - 0x00007ffc3b0c9000 	C:\Program Files\Java\jdk-21\bin\jli.dll
0x00007ffc45870000 - 0x00007ffc45920000 	C:\Windows\System32\ADVAPI32.dll
0x00007ffc35fa0000 - 0x00007ffc35fbb000 	C:\Program Files\Java\jdk-21\bin\VCRUNTIME140.dll
0x00007ffc468e0000 - 0x00007ffc4697e000 	C:\Windows\System32\msvcrt.dll
0x00007ffc45c50000 - 0x00007ffc45cf0000 	C:\Windows\System32\sechost.dll
0x00007ffc46060000 - 0x00007ffc46185000 	C:\Windows\System32\RPCRT4.dll
0x00007ffc457b0000 - 0x00007ffc457d7000 	C:\Windows\System32\bcrypt.dll
0x00007ffc46b00000 - 0x00007ffc46c9e000 	C:\Windows\System32\USER32.dll
0x00007ffc45210000 - 0x00007ffc45232000 	C:\Windows\System32\win32u.dll
0x00007ffc468b0000 - 0x00007ffc468db000 	C:\Windows\System32\GDI32.dll
0x00007ffc45430000 - 0x00007ffc45547000 	C:\Windows\System32\gdi32full.dll
0x00007ffc45240000 - 0x00007ffc452dd000 	C:\Windows\System32\msvcp_win.dll
0x00007ffc30eb0000 - 0x00007ffc3114a000 	C:\Windows\WinSxS\amd64_microsoft.windows.common-controls_6595b64144ccf1df_6.0.19041.3636_none_60b6a03d71f818d5\COMCTL32.dll
0x00007ffc3d420000 - 0x00007ffc3d42a000 	C:\Windows\SYSTEM32\VERSION.dll
0x00007ffc45f70000 - 0x00007ffc45fa2000 	C:\Windows\System32\IMM32.DLL
0x00007ffc3b0a0000 - 0x00007ffc3b0ac000 	C:\Program Files\Java\jdk-21\bin\vcruntime140_1.dll
0x00007ffc19e90000 - 0x00007ffc19f1e000 	C:\Program Files\Java\jdk-21\bin\msvcp140.dll
0x00007ffb9afe0000 - 0x00007ffb9bcf5000 	C:\Program Files\Java\jdk-21\bin\server\jvm.dll
0x00007ffc45800000 - 0x00007ffc4586b000 	C:\Windows\System32\WS2_32.dll
0x00007ffc44370000 - 0x00007ffc443bb000 	C:\Windows\SYSTEM32\POWRPROF.dll
0x00007ffc3b9b0000 - 0x00007ffc3b9d7000 	C:\Windows\SYSTEM32\WINMM.dll
0x00007ffc44230000 - 0x00007ffc44242000 	C:\Windows\SYSTEM32\UMPDC.dll
0x00007ffc43680000 - 0x00007ffc43692000 	C:\Windows\SYSTEM32\kernel.appcore.dll
0x00007ffc3aef0000 - 0x00007ffc3aefa000 	C:\Program Files\Java\jdk-21\bin\jimage.dll
0x00007ffc42b50000 - 0x00007ffc42d34000 	C:\Windows\SYSTEM32\DBGHELP.DLL
0x00007ffc2b1d0000 - 0x00007ffc2b204000 	C:\Windows\SYSTEM32\dbgcore.DLL
0x00007ffc45720000 - 0x00007ffc457a2000 	C:\Windows\System32\bcryptPrimitives.dll
0x00007ffc29390000 - 0x00007ffc293af000 	C:\Program Files\Java\jdk-21\bin\java.dll

dbghelp: loaded successfully - version: 4.0.5 - missing functions: none
symbol engine: initialized successfully - sym options: 0x614 - pdb path: .;C:\Program Files\Java\jdk-21\bin;C:\Windows\SYSTEM32;C:\Windows\WinSxS\amd64_microsoft.windows.common-controls_6595b64144ccf1df_6.0.19041.3636_none_60b6a03d71f818d5;C:\Program Files\Java\jdk-21\bin\server

VM Arguments:
jvm_args: --enable-preview -XX:+ShowCodeDetailsInExceptionMessages 
java_command: GameManager
java_class_path (initial): C:\Users\nikun\AppData\Roaming\Code\User\workspaceStorage\84ed738c109af7a2de0996c992c4f200\redhat.java\jdt_ws\Geo_f897ab2a\bin;c:\Users\nikun\Downloads\Western\FW 2324\Winter\12\Geo\lib\junit-4.13.2.jar;c:\Users\nikun\Downloads\Western\FW 2324\Winter\12\Geo\lib\hamcrest-core-1.3.jar
Launcher Type: SUN_STANDARD

[Global flags]
     intx CICompilerCount                          = 4                                         {product} {ergonomic}
     uint ConcGCThreads                            = 3                                         {product} {ergonomic}
     uint G1ConcRefinementThreads                  = 10                                        {product} {ergonomic}
   size_t G1HeapRegionSize                         = 2097152                                   {product} {ergonomic}
    uintx GCDrainStackTargetSize                   = 64                                        {product} {ergonomic}
   size_t InitialHeapSize                          = 268435456                                 {product} {ergonomic}
   size_t MarkStackSize                            = 4194304                                   {product} {ergonomic}
   size_t MaxHeapSize                              = 4276092928                                {product} {ergonomic}
   size_t MinHeapDeltaBytes                        = 2097152                                   {product} {ergonomic}
   size_t MinHeapSize                              = 8388608                                   {product} {ergonomic}
    uintx NonNMethodCodeHeapSize                   = 5839372                                {pd product} {ergonomic}
    uintx NonProfiledCodeHeapSize                  = 122909434                              {pd product} {ergonomic}
    uintx ProfiledCodeHeapSize                     = 122909434                              {pd product} {ergonomic}
    uintx ReservedCodeCacheSize                    = 251658240                              {pd product} {ergonomic}
     bool SegmentedCodeCache                       = true                                      {product} {ergonomic}
     bool ShowCodeDetailsInExceptionMessages       = true                                   {manageable} {command line}
   size_t SoftMaxHeapSize                          = 4276092928                             {manageable} {ergonomic}
     bool UseCompressedOops                        = true                           {product lp64_product} {ergonomic}
     bool UseG1GC                                  = true                                      {product} {ergonomic}
     bool UseLargePagesIndividualAllocation        = false                                  {pd product} {ergonomic}

Logging:
Log output configuration:
 #0: stdout all=warning uptime,level,tags foldmultilines=false
 #1: stderr all=off uptime,level,tags foldmultilines=false

Environment Variables:
PATH=C:\Program Files (x86)\VMware\VMware Player\bin\;C:\Program Files\Common Files\Oracle\Java\javapath;C:\Program Files (x86)\Common Files\Oracle\Java\javapath;C:\Program Files (x86)\Razer Chroma SDK\bin;C:\Program Files\Razer Chroma SDK\bin;C:\Program Files (x86)\Razer\ChromaBroadcast\bin;C:\Program Files\Razer\ChromaBroadcast\bin;C:\Windows\system32;C:\Windows;C:\Windows\System32\Wbem;C:\Windows\System32\WindowsPowerShell\v1.0\;C:\Windows\System32\OpenSSH\;C:\Program Files\NVIDIA Corporation\NVIDIA NvDLISR;C:\Windows\system32\config\systemprofile\AppData\Local\Microsoft\WindowsApps;C:\Program Files\dotnet\;C:\Program Files\PuTTY\;C:\Program Files (x86)\NVIDIA Corporation\PhysX\Common;C:\FFMPEG;C:\Users\nikun\AppData\Local\Programs\Microsoft VS Code\bin;C:\Users\nikun\.dotnet\tools;C:\Python33;C:\Users\nikun\AppData\Local\Programs\Python\Python311\Scripts;C:\ProgramData\chocolatey\bin;C:\Program Files\swipl\bin;C:\Program Files\Git\cmd;C:\Program Files\Docker\Docker\resources\bin;C:\FFMPEG;C:\Users\nikun\AppData\Local\Programs\Microsoft VS Code\bin;C:\Users\nikun\.dotnet\tools;C:\Users\nikun\AppData\Local\Programs\Python\Python311;C:\Users\nikun\AppData\Local\Programs\Python\Python311\Scripts;
USERNAME=nikun
LANG=en_US.UTF-8
OS=Windows_NT
PROCESSOR_IDENTIFIER=AMD64 Family 23 Model 8 Stepping 2, AuthenticAMD
TMP=C:\Users\nikun\AppData\Local\Temp
TEMP=C:\Users\nikun\AppData\Local\Temp




Periodic native trim disabled

---------------  S Y S T E M  ---------------

OS:
 Windows 10 , 64 bit Build 19041 (10.0.19041.3636)
OS uptime: 6 days 21:31 hours
Hyper-V role detected

CPU: total 12 (initial active 12) (12 cores per cpu, 2 threads per core) family 23 model 8 stepping 2 microcode 0x0, cx8, cmov, fxsr, ht, mmx, 3dnowpref, sse, sse2, sse3, ssse3, sse4a, sse4.1, sse4.2, popcnt, lzcnt, tsc, tscinvbit, avx, avx2, aes, clmul, bmi1, bmi2, adx, sha, fma, vzeroupper, clflush, clflushopt, hv, rdtscp, f16c
Processor Information for all 12 processors :
  Max Mhz: 3400, Current Mhz: 3400, Mhz Limit: 3400

Memory: 4k page, system-wide physical 16306M (722M free)
TotalPageFile size 36306M (AvailPageFile size 227M)
current process WorkingSet (physical memory assigned to process): 10M, peak: 10M
current process commit charge ("private bytes"): 64M, peak: 320M

vm_info: Java HotSpot(TM) 64-Bit Server VM (21.0.1+12-LTS-29) for windows-amd64 JRE (21.0.1+12-LTS-29), built on 2023-10-05T13:27:09Z by "mach5one" with MS VC++ 17.1 (VS2022)

END.
