

Version:	3.50
CmdLine:	C:\Users\nikun\Downloads\Western\FW 2324\Winter\12\Geo\AtlasVenture.exe --l4j-debug
JNI:		No
WOW64:		Yes
Working dir:	C:\Users\nikun\Downloads\Western\FW 2324\Winter\12\Geo\.
Requires JDK:	No
Requires 64-Bit: No
Java min ver:	
Java max ver:	
Substitute:	JAVA_HOME = 
Substitute:	PATH = C:\Program Files (x86)\VMware\VMware Player\bin\;C:\Program Files\Common Files\Oracle\Java\javapath;C:\Program Files (x86)\Common Files\Oracle\Java\javapath;C:\Program Files (x86)\Razer Chroma SDK\bin;C:\Program Files\Razer Chroma SDK\bin;C:\Program Files (x86)\Razer\ChromaBroadcast\bin;C:\Program Files\Razer\ChromaBroadcast\bin;C:\Windows\system32;C:\Windows;C:\Windows\System32\Wbem;C:\Windows\System32\WindowsPowerShell\v1.0\;C:\Windows\System32\OpenSSH\;C:\Program Files\NVIDIA Corporation\NVIDIA NvDLISR;C:\Windows\system32\config\systemprofile\AppData\Local\Microsoft\WindowsApps;C:\Program Files\dotnet\;C:\Program Files\PuTTY\;C:\Program Files (x86)\NVIDIA Corporation\PhysX\Common;C:\FFMPEG;C:\Users\nikun\AppData\Local\Programs\Microsoft VS Code\bin;C:\Users\nikun\.dotnet\tools;C:\Python33;C:\Users\nikun\AppData\Local\Programs\Python\Python311\Scripts;C:\ProgramData\chocolatey\bin;C:\Program Files\swipl\bin;C:\Program Files\Git\cmd;C:\Program Files\Docker\Docker\resources\bin;C:\Users\nikun\Downloads\apache-maven-3.9.6\bin;C:\Program Files\apache-maven-3.9.6\bin;C:\FFMPEG;C:\Users\nikun\AppData\Local\Programs\Microsoft VS Code\bin;C:\Users\nikun\.dotnet\tools;C:\Users\nikun\AppData\Local\Programs\Python\Python311;C:\Users\nikun\AppData\Local\Programs\Python\Python311\Scripts;C:\Users\nikun\Downloads\apache-maven-3.9.6\bin;;C:\Program Files\Java\jdk-21\bin
JRE paths:	;C:\Program Files (x86)\VMware\VMware Player\bin\;C:\Program Files\Common Files\Oracle\Java\javapath;C:\Program Files (x86)\Common Files\Oracle\Java\javapath;C:\Program Files (x86)\Razer Chroma SDK\bin;C:\Program Files\Razer Chroma SDK\bin;C:\Program Files (x86)\Razer\ChromaBroadcast\bin;C:\Program Files\Razer\ChromaBroadcast\bin;C:\Windows\system32;C:\Windows;C:\Windows\System32\Wbem;C:\Windows\System32\WindowsPowerShell\v1.0\;C:\Windows\System32\OpenSSH\;C:\Program Files\NVIDIA Corporation\NVIDIA NvDLISR;C:\Windows\system32\config\systemprofile\AppData\Local\Microsoft\WindowsApps;C:\Program Files\dotnet\;C:\Program Files\PuTTY\;C:\Program Files (x86)\NVIDIA Corporation\PhysX\Common;C:\FFMPEG;C:\Users\nikun\AppData\Local\Programs\Microsoft VS Code\bin;C:\Users\nikun\.dotnet\tools;C:\Python33;C:\Users\nikun\AppData\Local\Programs\Python\Python311\Scripts;C:\ProgramData\chocolatey\bin;C:\Program Files\swipl\bin;C:\Program Files\Git\cmd;C:\Program Files\Docker\Docker\resources\bin;C:\Users\nikun\Downloads\apache-maven-3.9.6\bin;C:\Program Files\apache-maven-3.9.6\bin;C:\FFMPEG;C:\Users\nikun\AppData\Local\Programs\Microsoft VS Code\bin;C:\Users\nikun\.dotnet\tools;C:\Users\nikun\AppData\Local\Programs\Python\Python311;C:\Users\nikun\AppData\Local\Programs\Python\Python311\Scripts;C:\Users\nikun\Downloads\apache-maven-3.9.6\bin;;C:\Program Files\Java\jdk-21\bin
Check launcher:	C:\Program Files (x86)\VMware\VMware Player\bin\bin\javaw.exe (not found)
Check launcher:	C:\Program Files\Common Files\Oracle\Java\javapath\bin\javaw.exe (not found)
Check launcher:	C:\Program Files (x86)\Common Files\Oracle\Java\javapath\bin\javaw.exe (not found)
Check launcher:	C:\Program Files (x86)\Razer Chroma SDK\bin\javaw.exe (not found)
Check launcher:	C:\Program Files\Razer Chroma SDK\bin\javaw.exe (not found)
Check launcher:	C:\Program Files (x86)\Razer\ChromaBroadcast\bin\javaw.exe (not found)
Check launcher:	C:\Program Files\Razer\ChromaBroadcast\bin\javaw.exe (not found)
Check launcher:	C:\Windows\system32\bin\javaw.exe (not found)
Check launcher:	C:\Windows\bin\javaw.exe (not found)
Check launcher:	C:\Windows\System32\Wbem\bin\javaw.exe (not found)
Check launcher:	C:\Windows\System32\WindowsPowerShell\v1.0\bin\javaw.exe (not found)
Check launcher:	C:\Windows\System32\OpenSSH\bin\javaw.exe (not found)
Check launcher:	C:\Program Files\NVIDIA Corporation\NVIDIA NvDLISR\bin\javaw.exe (not found)
Check launcher:	C:\Windows\system32\config\systemprofile\AppData\Local\Microsoft\WindowsApps\bin\javaw.exe (not found)
Check launcher:	C:\Program Files\dotnet\bin\javaw.exe (not found)
Check launcher:	C:\Program Files\PuTTY\bin\javaw.exe (not found)
Check launcher:	C:\Program Files (x86)\NVIDIA Corporation\PhysX\Common\bin\javaw.exe (not found)
Check launcher:	C:\FFMPEG\bin\javaw.exe (not found)
Check launcher:	C:\Users\nikun\AppData\Local\Programs\Microsoft VS Code\bin\javaw.exe (not found)
Check launcher:	C:\Users\nikun\.dotnet\tools\bin\javaw.exe (not found)
Check launcher:	C:\Python33\bin\javaw.exe (not found)
Check launcher:	C:\Users\nikun\AppData\Local\Programs\Python\Python311\Scripts\bin\javaw.exe (not found)
Check launcher:	C:\ProgramData\chocolatey\bin\javaw.exe (not found)
Check launcher:	C:\Program Files\swipl\bin\javaw.exe (not found)
Check launcher:	C:\Program Files\Git\cmd\bin\javaw.exe (not found)
Check launcher:	C:\Program Files\Docker\Docker\resources\bin\javaw.exe (not found)
Check launcher:	C:\Users\nikun\Downloads\apache-maven-3.9.6\bin\javaw.exe (not found)
Check launcher:	C:\Program Files\apache-maven-3.9.6\bin\javaw.exe (not found)
Check launcher:	C:\FFMPEG\bin\javaw.exe (not found)
Check launcher:	C:\Users\nikun\AppData\Local\Programs\Microsoft VS Code\bin\javaw.exe (not found)
Check launcher:	C:\Users\nikun\.dotnet\tools\bin\javaw.exe (not found)
Check launcher:	C:\Users\nikun\AppData\Local\Programs\Python\Python311\bin\javaw.exe (not found)
Check launcher:	C:\Users\nikun\AppData\Local\Programs\Python\Python311\Scripts\bin\javaw.exe (not found)
Check launcher:	C:\Users\nikun\Downloads\apache-maven-3.9.6\bin\javaw.exe (not found)
Check launcher:	C:\Program Files\Java\jdk-21\bin\javaw.exe (OK)
Version string: 1.021.000_001 / 64-Bit (OK)
Launcher:	C:\Program Files\Java\jdk-21\bin\javaw.exe
Launcher args:	-jar "C:\Users\nikun\Downloads\Western\FW 2324\Winter\12\Geo\AtlasVenture.exe"
Args length:	78/32768 chars
Exit code:	0


Version:	3.50
CmdLine:	C:\Users\nikun\Downloads\Western\FW 2324\Winter\12\Geo\AtlasVenture.exe --l4j-debug
JNI:		No
WOW64:		Yes
Working dir:	C:\Users\nikun\Downloads\Western\FW 2324\Winter\12\Geo\.
Requires JDK:	No
Requires 64-Bit: No
Java min ver:	
Java max ver:	
Substitute:	JAVA_HOME = 
Substitute:	PATH = C:\Program Files (x86)\VMware\VMware Player\bin\;C:\Program Files\Common Files\Oracle\Java\javapath;C:\Program Files (x86)\Common Files\Oracle\Java\javapath;C:\Program Files (x86)\Razer Chroma SDK\bin;C:\Program Files\Razer Chroma SDK\bin;C:\Program Files (x86)\Razer\ChromaBroadcast\bin;C:\Program Files\Razer\ChromaBroadcast\bin;C:\Windows\system32;C:\Windows;C:\Windows\System32\Wbem;C:\Windows\System32\WindowsPowerShell\v1.0\;C:\Windows\System32\OpenSSH\;C:\Program Files\NVIDIA Corporation\NVIDIA NvDLISR;C:\Windows\system32\config\systemprofile\AppData\Local\Microsoft\WindowsApps;C:\Program Files\dotnet\;C:\Program Files\PuTTY\;C:\Program Files (x86)\NVIDIA Corporation\PhysX\Common;C:\FFMPEG;C:\Users\nikun\AppData\Local\Programs\Microsoft VS Code\bin;C:\Users\nikun\.dotnet\tools;C:\Python33;C:\Users\nikun\AppData\Local\Programs\Python\Python311\Scripts;C:\ProgramData\chocolatey\bin;C:\Program Files\swipl\bin;C:\Program Files\Git\cmd;C:\Program Files\Docker\Docker\resources\bin;C:\Users\nikun\Downloads\apache-maven-3.9.6\bin;C:\Program Files\apache-maven-3.9.6\bin;C:\FFMPEG;C:\Users\nikun\AppData\Local\Programs\Microsoft VS Code\bin;C:\Users\nikun\.dotnet\tools;C:\Users\nikun\AppData\Local\Programs\Python\Python311;C:\Users\nikun\AppData\Local\Programs\Python\Python311\Scripts;C:\Users\nikun\Downloads\apache-maven-3.9.6\bin;;C:\Program Files\Java\jdk-21\bin
JRE paths:	;C:\Program Files (x86)\VMware\VMware Player\bin\;C:\Program Files\Common Files\Oracle\Java\javapath;C:\Program Files (x86)\Common Files\Oracle\Java\javapath;C:\Program Files (x86)\Razer Chroma SDK\bin;C:\Program Files\Razer Chroma SDK\bin;C:\Program Files (x86)\Razer\ChromaBroadcast\bin;C:\Program Files\Razer\ChromaBroadcast\bin;C:\Windows\system32;C:\Windows;C:\Windows\System32\Wbem;C:\Windows\System32\WindowsPowerShell\v1.0\;C:\Windows\System32\OpenSSH\;C:\Program Files\NVIDIA Corporation\NVIDIA NvDLISR;C:\Windows\system32\config\systemprofile\AppData\Local\Microsoft\WindowsApps;C:\Program Files\dotnet\;C:\Program Files\PuTTY\;C:\Program Files (x86)\NVIDIA Corporation\PhysX\Common;C:\FFMPEG;C:\Users\nikun\AppData\Local\Programs\Microsoft VS Code\bin;C:\Users\nikun\.dotnet\tools;C:\Python33;C:\Users\nikun\AppData\Local\Programs\Python\Python311\Scripts;C:\ProgramData\chocolatey\bin;C:\Program Files\swipl\bin;C:\Program Files\Git\cmd;C:\Program Files\Docker\Docker\resources\bin;C:\Users\nikun\Downloads\apache-maven-3.9.6\bin;C:\Program Files\apache-maven-3.9.6\bin;C:\FFMPEG;C:\Users\nikun\AppData\Local\Programs\Microsoft VS Code\bin;C:\Users\nikun\.dotnet\tools;C:\Users\nikun\AppData\Local\Programs\Python\Python311;C:\Users\nikun\AppData\Local\Programs\Python\Python311\Scripts;C:\Users\nikun\Downloads\apache-maven-3.9.6\bin;;C:\Program Files\Java\jdk-21\bin
Check launcher:	C:\Program Files (x86)\VMware\VMware Player\bin\bin\javaw.exe (not found)
Check launcher:	C:\Program Files\Common Files\Oracle\Java\javapath\bin\javaw.exe (not found)
Check launcher:	C:\Program Files (x86)\Common Files\Oracle\Java\javapath\bin\javaw.exe (not found)
Check launcher:	C:\Program Files (x86)\Razer Chroma SDK\bin\javaw.exe (not found)
Check launcher:	C:\Program Files\Razer Chroma SDK\bin\javaw.exe (not found)
Check launcher:	C:\Program Files (x86)\Razer\ChromaBroadcast\bin\javaw.exe (not found)
Check launcher:	C:\Program Files\Razer\ChromaBroadcast\bin\javaw.exe (not found)
Check launcher:	C:\Windows\system32\bin\javaw.exe (not found)
Check launcher:	C:\Windows\bin\javaw.exe (not found)
Check launcher:	C:\Windows\System32\Wbem\bin\javaw.exe (not found)
Check launcher:	C:\Windows\System32\WindowsPowerShell\v1.0\bin\javaw.exe (not found)
Check launcher:	C:\Windows\System32\OpenSSH\bin\javaw.exe (not found)
Check launcher:	C:\Program Files\NVIDIA Corporation\NVIDIA NvDLISR\bin\javaw.exe (not found)
Check launcher:	C:\Windows\system32\config\systemprofile\AppData\Local\Microsoft\WindowsApps\bin\javaw.exe (not found)
Check launcher:	C:\Program Files\dotnet\bin\javaw.exe (not found)
Check launcher:	C:\Program Files\PuTTY\bin\javaw.exe (not found)
Check launcher:	C:\Program Files (x86)\NVIDIA Corporation\PhysX\Common\bin\javaw.exe (not found)
Check launcher:	C:\FFMPEG\bin\javaw.exe (not found)
Check launcher:	C:\Users\nikun\AppData\Local\Programs\Microsoft VS Code\bin\javaw.exe (not found)
Check launcher:	C:\Users\nikun\.dotnet\tools\bin\javaw.exe (not found)
Check launcher:	C:\Python33\bin\javaw.exe (not found)
Check launcher:	C:\Users\nikun\AppData\Local\Programs\Python\Python311\Scripts\bin\javaw.exe (not found)
Check launcher:	C:\ProgramData\chocolatey\bin\javaw.exe (not found)
Check launcher:	C:\Program Files\swipl\bin\javaw.exe (not found)
Check launcher:	C:\Program Files\Git\cmd\bin\javaw.exe (not found)
Check launcher:	C:\Program Files\Docker\Docker\resources\bin\javaw.exe (not found)
Check launcher:	C:\Users\nikun\Downloads\apache-maven-3.9.6\bin\javaw.exe (not found)
Check launcher:	C:\Program Files\apache-maven-3.9.6\bin\javaw.exe (not found)
Check launcher:	C:\FFMPEG\bin\javaw.exe (not found)
Check launcher:	C:\Users\nikun\AppData\Local\Programs\Microsoft VS Code\bin\javaw.exe (not found)
Check launcher:	C:\Users\nikun\.dotnet\tools\bin\javaw.exe (not found)
Check launcher:	C:\Users\nikun\AppData\Local\Programs\Python\Python311\bin\javaw.exe (not found)
Check launcher:	C:\Users\nikun\AppData\Local\Programs\Python\Python311\Scripts\bin\javaw.exe (not found)
Check launcher:	C:\Users\nikun\Downloads\apache-maven-3.9.6\bin\javaw.exe (not found)
Check launcher:	C:\Program Files\Java\jdk-21\bin\javaw.exe (OK)
Version string: 1.021.000_001 / 64-Bit (OK)
Launcher:	C:\Program Files\Java\jdk-21\bin\javaw.exe
Launcher args:	-jar "C:\Users\nikun\Downloads\Western\FW 2324\Winter\12\Geo\AtlasVenture.exe"
Args length:	78/32768 chars
Exit code:	0
